2019-01-02 04:10:59	2	SERVER -> CLIENT: 220 IRCPMail.ircp.co.th Microsoft ESMTP MAIL Service ready at Wed, 2 Jan 2019 11:10:59 +0700

2019-01-02 04:10:59	1	CLIENT -> SERVER: EHLO localhost

2019-01-02 04:10:59	2	SERVER -> CLIENT: 250-IRCPMail.ircp.co.th Hello [192.168.1.203]
250-SIZE 31457280
250-PIPELINING
250-DSN
250-ENHANCEDSTATUSCODES
250-STARTTLS
250-X-ANONYMOUSTLS
250-AUTH GSSAPI NTLM
250-X-EXPS GSSAPI NTLM
250-8BITMIME
250-BINARYMIME
250-CHUNKING
250 XRDST

2019-01-02 04:10:59	1	CLIENT -> SERVER: STARTTLS

2019-01-02 04:10:59	2	SERVER -> CLIENT: 220 2.0.0 SMTP server ready

2019-01-02 04:10:59	1	CLIENT -> SERVER: EHLO localhost

2019-01-02 04:10:59	2	SERVER -> CLIENT: 250-IRCPMail.ircp.co.th Hello [192.168.1.203]
250-SIZE 31457280
250-PIPELINING
250-DSN
250-ENHANCEDSTATUSCODES
250-AUTH GSSAPI NTLM LOGIN
250-X-EXPS GSSAPI NTLM
250-8BITMIME
250-BINARYMIME
250-CHUNKING
250 XRDST

2019-01-02 04:10:59	1	CLIENT -> SERVER: AUTH LOGIN

2019-01-02 04:10:59	2	SERVER -> CLIENT: 334 VXNlcm5hbWU6

2019-01-02 04:10:59	1	CLIENT -> SERVER: <credentials hidden>
2019-01-02 04:10:59	2	SERVER -> CLIENT: 334 UGFzc3dvcmQ6

2019-01-02 04:10:59	1	CLIENT -> SERVER: <credentials hidden>
2019-01-02 04:11:00	2	SERVER -> CLIENT: 235 2.7.0 Authentication successful

2019-01-02 04:11:00	1	CLIENT -> SERVER: MAIL FROM:<hr_leave@ircp.co.th>

2019-01-02 04:11:00	2	SERVER -> CLIENT: 250 2.1.0 Sender OK

2019-01-02 04:11:00	1	CLIENT -> SERVER: RCPT TO:<varinw@ircp.co.th>

2019-01-02 04:11:00	2	SERVER -> CLIENT: 250 2.1.5 Recipient OK

2019-01-02 04:11:00	1	CLIENT -> SERVER: DATA

2019-01-02 04:11:00	2	SERVER -> CLIENT: 354 Start mail input; end with <CRLF>.<CRLF>

2019-01-02 04:11:00	1	CLIENT -> SERVER: Date: Wed, 2 Jan 2019 11:10:59 +0700

2019-01-02 04:11:00	1	CLIENT -> SERVER: To: rynko <varinw@ircp.co.th>

2019-01-02 04:11:00	1	CLIENT -> SERVER: From: HR Leave <hr_leave@ircp.co.th>

2019-01-02 04:11:00	1	CLIENT -> SERVER: Subject: =?utf-8?B?4Lij4Liy4Lii4LiH4Liy4LiZ4Liq4Lij4Li44Lib4LiB4Liy4Lij4Lil4Liy?=

2019-01-02 04:11:00	1	CLIENT -> SERVER:  =?utf-8?B?4LiC4Lit4LiH4Lie4LiZ4Lix4LiB4LiH4Liy4LiZIOC4m+C4o+C4sOC4iA==?=

2019-01-02 04:11:00	1	CLIENT -> SERVER:  =?utf-8?B?4Liz4Liq4Lix4Lib4LiU4Liy4Lir4LmM?=

2019-01-02 04:11:00	1	CLIENT -> SERVER: Message-ID: <FWYoGJ7dYLjCZEhqyfWV5PPrfRMCx5cTd4C4eoijtg@localhost>

2019-01-02 04:11:00	1	CLIENT -> SERVER: X-Mailer: PHPMailer 6.0.6 (https://github.com/PHPMailer/PHPMailer)

2019-01-02 04:11:00	1	CLIENT -> SERVER: MIME-Version: 1.0

2019-01-02 04:11:00	1	CLIENT -> SERVER: Content-Type: multipart/alternative;

2019-01-02 04:11:00	1	CLIENT -> SERVER: 	boundary="b1_FWYoGJ7dYLjCZEhqyfWV5PPrfRMCx5cTd4C4eoijtg"

2019-01-02 04:11:00	1	CLIENT -> SERVER: Content-Transfer-Encoding: 8bit

2019-01-02 04:11:00	1	CLIENT -> SERVER: 

2019-01-02 04:11:00	1	CLIENT -> SERVER: This is a multi-part message in MIME format.

2019-01-02 04:11:00	1	CLIENT -> SERVER: --b1_FWYoGJ7dYLjCZEhqyfWV5PPrfRMCx5cTd4C4eoijtg

2019-01-02 04:11:00	1	CLIENT -> SERVER: Content-Type: text/plain; charset=us-ascii

2019-01-02 04:11:00	1	CLIENT -> SERVER: 

2019-01-02 04:11:00	1	CLIENT -> SERVER: This is a plain-text message body

2019-01-02 04:11:00	1	CLIENT -> SERVER: 

2019-01-02 04:11:00	1	CLIENT -> SERVER: --b1_FWYoGJ7dYLjCZEhqyfWV5PPrfRMCx5cTd4C4eoijtg

2019-01-02 04:11:00	1	CLIENT -> SERVER: Content-Type: text/html; charset=utf-8

2019-01-02 04:11:00	1	CLIENT -> SERVER: Content-Transfer-Encoding: 8bit

2019-01-02 04:11:00	1	CLIENT -> SERVER: 

2019-01-02 04:11:00	1	CLIENT -> SERVER: เรียนทุกท่าน <br><br> HR Leave ขอจัดส่งรายงานสรุปการลาของพนักงาน ประจำสัปดาห์  ตามเอกสารแนบ<br><br>จึงเรียนมาเพื่อทราบ  <br><br>ขอบคุณค่ะ

2019-01-02 04:11:00	1	CLIENT -> SERVER: 

2019-01-02 04:11:00	1	CLIENT -> SERVER: 

2019-01-02 04:11:00	1	CLIENT -> SERVER: --b1_FWYoGJ7dYLjCZEhqyfWV5PPrfRMCx5cTd4C4eoijtg--

2019-01-02 04:11:00	1	CLIENT -> SERVER: 

2019-01-02 04:11:00	1	CLIENT -> SERVER: .

2019-01-02 04:11:00	2	SERVER -> CLIENT: 250 2.6.0 <FWYoGJ7dYLjCZEhqyfWV5PPrfRMCx5cTd4C4eoijtg@localhost> [InternalId=208018151047198, Hostname=IRCPMail.ircp.co.th] Queued mail for delivery

2019-01-02 04:11:00	1	CLIENT -> SERVER: QUIT

2019-01-02 04:11:00	2	SERVER -> CLIENT: 221 2.0.0 Service closing transmission channel

